{"C:\\Users\\vinit\\Desktop\\Namaste React\\src\\components\\Contact.js": {"path":"C:\\Users\\vinit\\Desktop\\Namaste React\\src\\components\\Contact.js","statementMap":{"0":{"start":{"line":1,"column":16},"end":{"line":23,"column":1}},"1":{"start":{"line":2,"column":4},"end":{"line":22,"column":5}}},"fnMap":{"0":{"name":"(anonymous_0)","decl":{"start":{"line":1,"column":16},"end":{"line":1,"column":17}},"loc":{"start":{"line":1,"column":21},"end":{"line":23,"column":1}},"line":1}},"branchMap":{},"s":{"0":1,"1":2},"f":{"0":2},"b":{},"_coverageSchema":"1a1c01bbd47fc00a2c39e90264f33305004495a9","hash":"1de9e8a59d017517d80c1345f7e6dd6f61eae88a"}
,"C:\\Users\\vinit\\Desktop\\Namaste React\\src\\components\\Header.js": {"path":"C:\\Users\\vinit\\Desktop\\Namaste React\\src\\components\\Header.js","statementMap":{"0":{"start":{"line":8,"column":15},"end":{"line":58,"column":1}},"1":{"start":{"line":11,"column":43},"end":{"line":11,"column":60}},"2":{"start":{"line":12,"column":4},"end":{"line":12,"column":33}},"3":{"start":{"line":13,"column":25},"end":{"line":13,"column":42}},"4":{"start":{"line":14,"column":25},"end":{"line":14,"column":48}},"5":{"start":{"line":15,"column":4},"end":{"line":17,"column":21}},"6":{"start":{"line":16,"column":8},"end":{"line":16,"column":39}},"7":{"start":{"line":21,"column":22},"end":{"line":21,"column":63}},"8":{"start":{"line":21,"column":46},"end":{"line":21,"column":62}},"9":{"start":{"line":23,"column":4},"end":{"line":57,"column":6}},"10":{"start":{"line":46,"column":99},"end":{"line":46,"column":174}}},"fnMap":{"0":{"name":"(anonymous_0)","decl":{"start":{"line":8,"column":15},"end":{"line":8,"column":16}},"loc":{"start":{"line":8,"column":21},"end":{"line":58,"column":1}},"line":8},"1":{"name":"(anonymous_1)","decl":{"start":{"line":15,"column":14},"end":{"line":15,"column":15}},"loc":{"start":{"line":15,"column":18},"end":{"line":17,"column":5}},"line":15},"2":{"name":"(anonymous_2)","decl":{"start":{"line":21,"column":35},"end":{"line":21,"column":36}},"loc":{"start":{"line":21,"column":46},"end":{"line":21,"column":62}},"line":21},"3":{"name":"(anonymous_3)","decl":{"start":{"line":46,"column":94},"end":{"line":46,"column":95}},"loc":{"start":{"line":46,"column":98},"end":{"line":48,"column":21}},"line":46}},"branchMap":{"0":{"loc":{"start":{"line":31,"column":41},"end":{"line":31,"column":64}},"type":"cond-expr","locations":[{"start":{"line":31,"column":55},"end":{"line":31,"column":59}},{"start":{"line":31,"column":60},"end":{"line":31,"column":64}}],"line":31},"1":{"loc":{"start":{"line":46,"column":99},"end":{"line":46,"column":173}},"type":"cond-expr","locations":[{"start":{"line":46,"column":123},"end":{"line":46,"column":148}},{"start":{"line":46,"column":149},"end":{"line":46,"column":173}}],"line":46}},"s":{"0":1,"1":3,"2":3,"3":3,"4":3,"5":3,"6":3,"7":3,"8":5,"9":3,"10":1},"f":{"0":3,"1":3,"2":5,"3":1},"b":{"0":[3,0],"1":[1,0]},"_coverageSchema":"1a1c01bbd47fc00a2c39e90264f33305004495a9","hash":"af88c5226ef26a2c72a43f8fddc92088924df659"}
,"C:\\Users\\vinit\\Desktop\\Namaste React\\src\\components\\ItemList.js": {"path":"C:\\Users\\vinit\\Desktop\\Namaste React\\src\\components\\ItemList.js","statementMap":{"0":{"start":{"line":5,"column":17},"end":{"line":45,"column":1}},"1":{"start":{"line":6,"column":21},"end":{"line":6,"column":34}},"2":{"start":{"line":9,"column":28},"end":{"line":13,"column":5}},"3":{"start":{"line":12,"column":8},"end":{"line":12,"column":32}},"4":{"start":{"line":16,"column":0},"end":{"line":44,"column":5}},"5":{"start":{"line":19,"column":12},"end":{"line":41,"column":18}},"6":{"start":{"line":35,"column":65},"end":{"line":35,"column":85}}},"fnMap":{"0":{"name":"(anonymous_0)","decl":{"start":{"line":5,"column":17},"end":{"line":5,"column":18}},"loc":{"start":{"line":5,"column":29},"end":{"line":45,"column":1}},"line":5},"1":{"name":"(anonymous_1)","decl":{"start":{"line":9,"column":28},"end":{"line":9,"column":29}},"loc":{"start":{"line":9,"column":37},"end":{"line":13,"column":5}},"line":9},"2":{"name":"(anonymous_2)","decl":{"start":{"line":18,"column":19},"end":{"line":18,"column":20}},"loc":{"start":{"line":19,"column":12},"end":{"line":41,"column":18}},"line":19},"3":{"name":"(anonymous_3)","decl":{"start":{"line":35,"column":61},"end":{"line":35,"column":62}},"loc":{"start":{"line":35,"column":65},"end":{"line":35,"column":85}},"line":35}},"branchMap":{},"s":{"0":1,"1":0,"2":0,"3":0,"4":0,"5":0,"6":0},"f":{"0":0,"1":0,"2":0,"3":0},"b":{},"_coverageSchema":"1a1c01bbd47fc00a2c39e90264f33305004495a9","hash":"16665bc0d9f759a07960c58fec7fbda36797b461"}
,"C:\\Users\\vinit\\Desktop\\Namaste React\\src\\components\\RestaurantCard.js": {"path":"C:\\Users\\vinit\\Desktop\\Namaste React\\src\\components\\RestaurantCard.js","statementMap":{"0":{"start":{"line":4,"column":23},"end":{"line":38,"column":1}},"1":{"start":{"line":5,"column":24},"end":{"line":5,"column":29}},"2":{"start":{"line":6,"column":3},"end":{"line":6,"column":24}},"3":{"start":{"line":16,"column":8},"end":{"line":16,"column":21}},"4":{"start":{"line":19,"column":4},"end":{"line":37,"column":6}},"5":{"start":{"line":43,"column":33},"end":{"line":52,"column":1}},"6":{"start":{"line":44,"column":4},"end":{"line":51,"column":6}},"7":{"start":{"line":45,"column":8},"end":{"line":50,"column":10}}},"fnMap":{"0":{"name":"(anonymous_0)","decl":{"start":{"line":4,"column":23},"end":{"line":4,"column":24}},"loc":{"start":{"line":4,"column":34},"end":{"line":38,"column":1}},"line":4},"1":{"name":"(anonymous_1)","decl":{"start":{"line":43,"column":33},"end":{"line":43,"column":34}},"loc":{"start":{"line":43,"column":52},"end":{"line":52,"column":1}},"line":43},"2":{"name":"(anonymous_2)","decl":{"start":{"line":44,"column":11},"end":{"line":44,"column":12}},"loc":{"start":{"line":44,"column":21},"end":{"line":51,"column":5}},"line":44}},"branchMap":{},"s":{"0":1,"1":1,"2":1,"3":1,"4":1,"5":1,"6":0,"7":0},"f":{"0":1,"1":0,"2":0},"b":{},"_coverageSchema":"1a1c01bbd47fc00a2c39e90264f33305004495a9","hash":"5eed1276bf26cc46cafc16fe2788e7d427fabca9"}
,"C:\\Users\\vinit\\Desktop\\Namaste React\\src\\components\\RestaurantCategory.js": {"path":"C:\\Users\\vinit\\Desktop\\Namaste React\\src\\components\\RestaurantCategory.js","statementMap":{"0":{"start":{"line":4,"column":27},"end":{"line":27,"column":1}},"1":{"start":{"line":7,"column":24},"end":{"line":11,"column":5}},"2":{"start":{"line":9,"column":4},"end":{"line":9,"column":19}},"3":{"start":{"line":12,"column":4},"end":{"line":12,"column":23}},"4":{"start":{"line":13,"column":4},"end":{"line":26,"column":5}}},"fnMap":{"0":{"name":"(anonymous_0)","decl":{"start":{"line":4,"column":27},"end":{"line":4,"column":28}},"loc":{"start":{"line":4,"column":61},"end":{"line":27,"column":1}},"line":4},"1":{"name":"(anonymous_1)","decl":{"start":{"line":7,"column":24},"end":{"line":7,"column":25}},"loc":{"start":{"line":7,"column":29},"end":{"line":11,"column":5}},"line":7}},"branchMap":{"0":{"loc":{"start":{"line":22,"column":14},"end":{"line":22,"column":64}},"type":"binary-expr","locations":[{"start":{"line":22,"column":14},"end":{"line":22,"column":23}},{"start":{"line":22,"column":27},"end":{"line":22,"column":64}}],"line":22}},"s":{"0":1,"1":0,"2":0,"3":0,"4":0},"f":{"0":0,"1":0},"b":{"0":[0,0]},"_coverageSchema":"1a1c01bbd47fc00a2c39e90264f33305004495a9","hash":"8d25555f834b42d89dc2da09fffa92e052a1f740"}
,"C:\\Users\\vinit\\Desktop\\Namaste React\\src\\components\\RestaurantMenu.js": {"path":"C:\\Users\\vinit\\Desktop\\Namaste React\\src\\components\\RestaurantMenu.js","statementMap":{"0":{"start":{"line":14,"column":23},"end":{"line":57,"column":1}},"1":{"start":{"line":17,"column":22},"end":{"line":17,"column":33}},"2":{"start":{"line":18,"column":22},"end":{"line":18,"column":46}},"3":{"start":{"line":19,"column":39},"end":{"line":19,"column":53}},"4":{"start":{"line":20,"column":14},"end":{"line":20,"column":55}},"5":{"start":{"line":21,"column":57},"end":{"line":21,"column":61}},"6":{"start":{"line":24,"column":15},"end":{"line":26,"column":15}},"7":{"start":{"line":25,"column":11},"end":{"line":25,"column":34}},"8":{"start":{"line":27,"column":2},"end":{"line":27,"column":76}},"9":{"start":{"line":28,"column":20},"end":{"line":28,"column":42}},"10":{"start":{"line":29,"column":21},"end":{"line":29,"column":185}},"11":{"start":{"line":29,"column":94},"end":{"line":29,"column":184}},"12":{"start":{"line":30,"column":2},"end":{"line":30,"column":26}},"13":{"start":{"line":31,"column":4},"end":{"line":56,"column":6}},"14":{"start":{"line":51,"column":12},"end":{"line":54,"column":53}},"15":{"start":{"line":54,"column":31},"end":{"line":54,"column":50}}},"fnMap":{"0":{"name":"(anonymous_0)","decl":{"start":{"line":14,"column":23},"end":{"line":14,"column":24}},"loc":{"start":{"line":14,"column":28},"end":{"line":57,"column":1}},"line":14},"1":{"name":"(anonymous_1)","decl":{"start":{"line":25,"column":4},"end":{"line":25,"column":5}},"loc":{"start":{"line":25,"column":11},"end":{"line":25,"column":34}},"line":25},"2":{"name":"(anonymous_2)","decl":{"start":{"line":29,"column":89},"end":{"line":29,"column":90}},"loc":{"start":{"line":29,"column":94},"end":{"line":29,"column":184}},"line":29},"3":{"name":"(anonymous_3)","decl":{"start":{"line":50,"column":28},"end":{"line":50,"column":29}},"loc":{"start":{"line":51,"column":12},"end":{"line":54,"column":53}},"line":51},"4":{"name":"(anonymous_4)","decl":{"start":{"line":54,"column":27},"end":{"line":54,"column":28}},"loc":{"start":{"line":54,"column":31},"end":{"line":54,"column":50}},"line":54}},"branchMap":{"0":{"loc":{"start":{"line":20,"column":14},"end":{"line":20,"column":55}},"type":"binary-expr","locations":[{"start":{"line":20,"column":14},"end":{"line":20,"column":49}},{"start":{"line":20,"column":53},"end":{"line":20,"column":55}}],"line":20},"1":{"loc":{"start":{"line":28,"column":20},"end":{"line":28,"column":42}},"type":"binary-expr","locations":[{"start":{"line":28,"column":20},"end":{"line":28,"column":36}},{"start":{"line":28,"column":40},"end":{"line":28,"column":42}}],"line":28},"2":{"loc":{"start":{"line":31,"column":11},"end":{"line":56,"column":5}},"type":"cond-expr","locations":[{"start":{"line":32,"column":4},"end":{"line":32,"column":15}},{"start":{"line":34,"column":8},"end":{"line":55,"column":14}}],"line":31},"3":{"loc":{"start":{"line":35,"column":54},"end":{"line":35,"column":74}},"type":"binary-expr","locations":[{"start":{"line":35,"column":54},"end":{"line":35,"column":58}},{"start":{"line":35,"column":61},"end":{"line":35,"column":74}}],"line":35},"4":{"loc":{"start":{"line":53,"column":24},"end":{"line":53,"column":49}},"type":"binary-expr","locations":[{"start":{"line":53,"column":24},"end":{"line":53,"column":41}},{"start":{"line":53,"column":45},"end":{"line":53,"column":49}}],"line":53}},"s":{"0":1,"1":0,"2":0,"3":0,"4":0,"5":0,"6":0,"7":0,"8":0,"9":0,"10":0,"11":0,"12":0,"13":0,"14":0,"15":0},"f":{"0":0,"1":0,"2":0,"3":0,"4":0},"b":{"0":[0,0],"1":[0,0],"2":[0,0],"3":[0,0],"4":[0,0]},"_coverageSchema":"1a1c01bbd47fc00a2c39e90264f33305004495a9","hash":"8bd4be4a825941b5ebb5966b64d2197947f227ba"}
,"C:\\Users\\vinit\\Desktop\\Namaste React\\src\\components\\Shimmer.js": {"path":"C:\\Users\\vinit\\Desktop\\Namaste React\\src\\components\\Shimmer.js","statementMap":{"0":{"start":{"line":1,"column":16},"end":{"line":30,"column":1}},"1":{"start":{"line":2,"column":2},"end":{"line":29,"column":4}}},"fnMap":{"0":{"name":"(anonymous_0)","decl":{"start":{"line":1,"column":16},"end":{"line":1,"column":17}},"loc":{"start":{"line":1,"column":22},"end":{"line":30,"column":1}},"line":1}},"branchMap":{},"s":{"0":1,"1":0},"f":{"0":0},"b":{},"_coverageSchema":"1a1c01bbd47fc00a2c39e90264f33305004495a9","hash":"af3061c8ab086625b5efb5d74234d431db85b2f8"}
,"C:\\Users\\vinit\\Desktop\\Namaste React\\src\\components\\multiple.js": {"path":"C:\\Users\\vinit\\Desktop\\Namaste React\\src\\components\\multiple.js","statementMap":{"0":{"start":{"line":1,"column":24},"end":{"line":3,"column":1}},"1":{"start":{"line":2,"column":4},"end":{"line":2,"column":15}}},"fnMap":{"0":{"name":"(anonymous_0)","decl":{"start":{"line":1,"column":24},"end":{"line":1,"column":25}},"loc":{"start":{"line":1,"column":32},"end":{"line":3,"column":1}},"line":1}},"branchMap":{},"s":{"0":1,"1":1},"f":{"0":1},"b":{},"_coverageSchema":"1a1c01bbd47fc00a2c39e90264f33305004495a9","hash":"9b5c535cd566612993c97eafe5a1a210455346a2"}
,"C:\\Users\\vinit\\Desktop\\Namaste React\\src\\components\\sum.js": {"path":"C:\\Users\\vinit\\Desktop\\Namaste React\\src\\components\\sum.js","statementMap":{"0":{"start":{"line":1,"column":19},"end":{"line":3,"column":1}},"1":{"start":{"line":2,"column":4},"end":{"line":2,"column":15}}},"fnMap":{"0":{"name":"(anonymous_0)","decl":{"start":{"line":1,"column":19},"end":{"line":1,"column":20}},"loc":{"start":{"line":1,"column":27},"end":{"line":3,"column":1}},"line":1}},"branchMap":{},"s":{"0":1,"1":1},"f":{"0":1},"b":{},"_coverageSchema":"1a1c01bbd47fc00a2c39e90264f33305004495a9","hash":"59dd67a7263621dcc4bf2d8a4be401653dd01db3"}
,"C:\\Users\\vinit\\Desktop\\Namaste React\\src\\utils\\UserContext.js": {"path":"C:\\Users\\vinit\\Desktop\\Namaste React\\src\\utils\\UserContext.js","statementMap":{"0":{"start":{"line":3,"column":20},"end":{"line":5,"column":2}}},"fnMap":{},"branchMap":{},"s":{"0":2},"f":{},"b":{},"_coverageSchema":"1a1c01bbd47fc00a2c39e90264f33305004495a9","hash":"0925d3f8a460f8b061c281a7e928ce43567b50d3"}
,"C:\\Users\\vinit\\Desktop\\Namaste React\\src\\utils\\appStore.js": {"path":"C:\\Users\\vinit\\Desktop\\Namaste React\\src\\utils\\appStore.js","statementMap":{"0":{"start":{"line":6,"column":17},"end":{"line":11,"column":2}}},"fnMap":{},"branchMap":{},"s":{"0":2},"f":{},"b":{},"_coverageSchema":"1a1c01bbd47fc00a2c39e90264f33305004495a9","hash":"8e4304c16ab4c9ecc6e38ca0d5cc27bd92e72567"}
,"C:\\Users\\vinit\\Desktop\\Namaste React\\src\\utils\\cartSlice.js": {"path":"C:\\Users\\vinit\\Desktop\\Namaste React\\src\\utils\\cartSlice.js","statementMap":{"0":{"start":{"line":2,"column":18},"end":{"line":23,"column":2}},"1":{"start":{"line":9,"column":12},"end":{"line":9,"column":45}},"2":{"start":{"line":12,"column":12},"end":{"line":12,"column":30}},"3":{"start":{"line":15,"column":12},"end":{"line":15,"column":35}},"4":{"start":{"line":26,"column":47},"end":{"line":26,"column":64}}},"fnMap":{"0":{"name":"(anonymous_0)","decl":{"start":{"line":8,"column":20},"end":{"line":8,"column":21}},"loc":{"start":{"line":8,"column":37},"end":{"line":10,"column":11}},"line":8},"1":{"name":"(anonymous_1)","decl":{"start":{"line":11,"column":23},"end":{"line":11,"column":24}},"loc":{"start":{"line":11,"column":33},"end":{"line":13,"column":11}},"line":11},"2":{"name":"(anonymous_2)","decl":{"start":{"line":14,"column":22},"end":{"line":14,"column":23}},"loc":{"start":{"line":14,"column":32},"end":{"line":20,"column":11}},"line":14}},"branchMap":{},"s":{"0":2,"1":0,"2":0,"3":0,"4":2},"f":{"0":0,"1":0,"2":0},"b":{},"_coverageSchema":"1a1c01bbd47fc00a2c39e90264f33305004495a9","hash":"64d7d12c53affd340fe929775b7695c4001931c3"}
,"C:\\Users\\vinit\\Desktop\\Namaste React\\src\\utils\\constants.js": {"path":"C:\\Users\\vinit\\Desktop\\Namaste React\\src\\utils\\constants.js","statementMap":{"0":{"start":{"line":2,"column":2},"end":{"line":2,"column":156}},"1":{"start":{"line":4,"column":23},"end":{"line":4,"column":171}},"2":{"start":{"line":8,"column":25},"end":{"line":8,"column":155}}},"fnMap":{},"branchMap":{},"s":{"0":3,"1":3,"2":3},"f":{},"b":{},"_coverageSchema":"1a1c01bbd47fc00a2c39e90264f33305004495a9","hash":"02fb5d62490071d22b8bbccc953009b5a5ea54f6"}
,"C:\\Users\\vinit\\Desktop\\Namaste React\\src\\utils\\useOnlineStatus.js": {"path":"C:\\Users\\vinit\\Desktop\\Namaste React\\src\\utils\\useOnlineStatus.js","statementMap":{"0":{"start":{"line":3,"column":24},"end":{"line":18,"column":1}},"1":{"start":{"line":4,"column":43},"end":{"line":4,"column":57}},"2":{"start":{"line":6,"column":4},"end":{"line":13,"column":10}},"3":{"start":{"line":7,"column":8},"end":{"line":9,"column":11}},"4":{"start":{"line":8,"column":16},"end":{"line":8,"column":39}},"5":{"start":{"line":10,"column":8},"end":{"line":12,"column":7}},"6":{"start":{"line":11,"column":12},"end":{"line":11,"column":34}},"7":{"start":{"line":17,"column":4},"end":{"line":17,"column":24}}},"fnMap":{"0":{"name":"(anonymous_0)","decl":{"start":{"line":3,"column":24},"end":{"line":3,"column":25}},"loc":{"start":{"line":3,"column":28},"end":{"line":18,"column":1}},"line":3},"1":{"name":"(anonymous_1)","decl":{"start":{"line":6,"column":14},"end":{"line":6,"column":15}},"loc":{"start":{"line":6,"column":19},"end":{"line":13,"column":5}},"line":6},"2":{"name":"(anonymous_2)","decl":{"start":{"line":7,"column":42},"end":{"line":7,"column":43}},"loc":{"start":{"line":7,"column":48},"end":{"line":9,"column":9}},"line":7},"3":{"name":"(anonymous_3)","decl":{"start":{"line":10,"column":41},"end":{"line":10,"column":42}},"loc":{"start":{"line":10,"column":47},"end":{"line":12,"column":5}},"line":10}},"branchMap":{},"s":{"0":1,"1":3,"2":3,"3":2,"4":0,"5":2,"6":0,"7":3},"f":{"0":3,"1":2,"2":0,"3":0},"b":{},"_coverageSchema":"1a1c01bbd47fc00a2c39e90264f33305004495a9","hash":"f3b203218affa98c01b7263531efdbb35b07435f"}
,"C:\\Users\\vinit\\Desktop\\Namaste React\\src\\utils\\useRestaurantMenu.js": {"path":"C:\\Users\\vinit\\Desktop\\Namaste React\\src\\utils\\useRestaurantMenu.js","statementMap":{"0":{"start":{"line":3,"column":26},"end":{"line":16,"column":1}},"1":{"start":{"line":5,"column":32},"end":{"line":5,"column":46}},"2":{"start":{"line":6,"column":4},"end":{"line":8,"column":10}},"3":{"start":{"line":7,"column":8},"end":{"line":7,"column":20}},"4":{"start":{"line":9,"column":22},"end":{"line":13,"column":5}},"5":{"start":{"line":10,"column":21},"end":{"line":10,"column":48}},"6":{"start":{"line":11,"column":21},"end":{"line":11,"column":38}},"7":{"start":{"line":12,"column":8},"end":{"line":12,"column":30}},"8":{"start":{"line":14,"column":4},"end":{"line":14,"column":18}}},"fnMap":{"0":{"name":"(anonymous_0)","decl":{"start":{"line":3,"column":26},"end":{"line":3,"column":27}},"loc":{"start":{"line":3,"column":37},"end":{"line":16,"column":1}},"line":3},"1":{"name":"(anonymous_1)","decl":{"start":{"line":6,"column":14},"end":{"line":6,"column":15}},"loc":{"start":{"line":6,"column":19},"end":{"line":8,"column":5}},"line":6},"2":{"name":"(anonymous_2)","decl":{"start":{"line":9,"column":22},"end":{"line":9,"column":23}},"loc":{"start":{"line":9,"column":33},"end":{"line":13,"column":5}},"line":9}},"branchMap":{},"s":{"0":1,"1":0,"2":0,"3":0,"4":0,"5":0,"6":0,"7":0,"8":0},"f":{"0":0,"1":0,"2":0},"b":{},"_coverageSchema":"1a1c01bbd47fc00a2c39e90264f33305004495a9","hash":"eefb8f0bf8a6ab893f6e3abdee61cecc2fd888e2"}
}
