TN:
SF:src\components\Body.js
FN:9,(anonymous_0)
FN:23,(anonymous_1)
FN:28,(anonymous_2)
FN:35,(anonymous_3)
FN:61,(anonymous_4)
FN:64,(anonymous_5)
FN:68,(anonymous_6)
FN:81,(anonymous_7)
FN:84,(anonymous_8)
FN:98,(anonymous_9)
FNF:10
FNH:4
FNDA:2,(anonymous_0)
FNDA:1,(anonymous_1)
FNDA:1,(anonymous_2)
FNDA:5,(anonymous_3)
FNDA:0,(anonymous_4)
FNDA:0,(anonymous_5)
FNDA:0,(anonymous_6)
FNDA:0,(anonymous_7)
FNDA:0,(anonymous_8)
FNDA:0,(anonymous_9)
DA:9,1
DA:15,2
DA:17,2
DA:18,2
DA:21,2
DA:22,2
DA:23,2
DA:24,1
DA:25,1
DA:27,2
DA:28,2
DA:29,1
DA:32,1
DA:33,1
DA:34,1
DA:35,5
DA:38,1
DA:39,1
DA:41,1
DA:43,2
DA:44,2
DA:45,2
DA:46,2
DA:49,0
DA:62,0
DA:66,0
DA:68,0
DA:69,0
DA:72,0
DA:83,0
DA:84,0
DA:87,0
DA:88,0
DA:99,0
LF:34
LH:23
BRDA:34,0,0,1
BRDA:34,0,1,1
BRDA:44,1,0,0
BRDA:44,1,1,2
BRDA:45,2,0,2
BRDA:45,2,1,0
BRDA:45,3,0,2
BRDA:45,3,1,2
BRDA:69,4,0,0
BRDA:69,4,1,0
BRDA:105,5,0,0
BRDA:105,5,1,0
BRF:12
BRH:6
end_of_record
TN:
SF:src\components\Contact.js
FN:1,(anonymous_0)
FNF:1
FNH:1
FNDA:2,(anonymous_0)
DA:1,1
DA:2,2
LF:2
LH:2
BRF:0
BRH:0
end_of_record
TN:
SF:src\components\Header.js
FN:8,(anonymous_0)
FN:15,(anonymous_1)
FN:21,(anonymous_2)
FN:46,(anonymous_3)
FNF:4
FNH:4
FNDA:3,(anonymous_0)
FNDA:3,(anonymous_1)
FNDA:5,(anonymous_2)
FNDA:1,(anonymous_3)
DA:8,1
DA:11,3
DA:12,3
DA:13,3
DA:14,3
DA:15,3
DA:16,3
DA:21,5
DA:23,3
DA:46,1
LF:10
LH:10
BRDA:31,0,0,3
BRDA:31,0,1,0
BRDA:46,1,0,1
BRDA:46,1,1,0
BRF:4
BRH:2
end_of_record
TN:
SF:src\components\RestaurantCard.js
FN:4,(anonymous_0)
FN:43,(anonymous_1)
FN:44,(anonymous_2)
FNF:3
FNH:2
FNDA:1,(anonymous_0)
FNDA:2,(anonymous_1)
FNDA:0,(anonymous_2)
DA:4,2
DA:5,1
DA:6,1
DA:16,1
DA:19,1
DA:43,2
DA:44,2
DA:45,0
LF:8
LH:7
BRF:0
BRH:0
end_of_record
TN:
SF:src\components\Shimmer.js
FN:1,(anonymous_0)
FNF:1
FNH:1
FNDA:2,(anonymous_0)
DA:1,1
DA:2,2
LF:2
LH:2
BRF:0
BRH:0
end_of_record
TN:
SF:src\components\multiple.js
FN:1,(anonymous_0)
FNF:1
FNH:1
FNDA:1,(anonymous_0)
DA:1,1
DA:2,1
LF:2
LH:2
BRF:0
BRH:0
end_of_record
TN:
SF:src\components\sum.js
FN:1,(anonymous_0)
FNF:1
FNH:1
FNDA:1,(anonymous_0)
DA:1,1
DA:2,1
LF:2
LH:2
BRF:0
BRH:0
end_of_record
TN:
SF:src\utils\UserContext.js
FNF:0
FNH:0
DA:3,3
LF:1
LH:1
BRF:0
BRH:0
end_of_record
TN:
SF:src\utils\appStore.js
FNF:0
FNH:0
DA:6,1
LF:1
LH:1
BRF:0
BRH:0
end_of_record
TN:
SF:src\utils\cartSlice.js
FN:8,(anonymous_0)
FN:11,(anonymous_1)
FN:14,(anonymous_2)
FNF:3
FNH:0
FNDA:0,(anonymous_0)
FNDA:0,(anonymous_1)
FNDA:0,(anonymous_2)
DA:2,1
DA:9,0
DA:12,0
DA:15,0
DA:26,1
LF:5
LH:2
BRF:0
BRH:0
end_of_record
TN:
SF:src\utils\constants.js
FNF:0
FNH:0
DA:2,3
DA:4,3
DA:8,3
LF:3
LH:3
BRF:0
BRH:0
end_of_record
TN:
SF:src\utils\mockData.js
FNF:0
FNH:0
DA:1,1
LF:1
LH:1
BRF:0
BRH:0
end_of_record
TN:
SF:src\utils\useOnlineStatus.js
FN:3,(anonymous_0)
FN:6,(anonymous_1)
FN:7,(anonymous_2)
FN:10,(anonymous_3)
FNF:4
FNH:2
FNDA:5,(anonymous_0)
FNDA:3,(anonymous_1)
FNDA:0,(anonymous_2)
FNDA:0,(anonymous_3)
DA:3,2
DA:4,5
DA:6,5
DA:7,3
DA:8,0
DA:10,3
DA:11,0
DA:17,5
LF:8
LH:6
BRF:0
BRH:0
end_of_record
